#
# A fatal error has been detected by the Java Runtime Environment:
#
#  EXCEPTION_ACCESS_VIOLATION (0xc0000005) at pc=0x0000000059f6bd1c, pid=10960, tid=0x00000000000060a4
#
# JRE version: Java(TM) SE Runtime Environment (8.0_251-b08) (build 1.8.0_251-b08)
# Java VM: Java HotSpot(TM) 64-Bit Server VM (25.251-b08 mixed mode windows-amd64 compressed oops)
# Problematic frame:
# V  [jvm.dll+0x4bd1c]
#
# Failed to write core dump. Minidumps are not enabled by default on client versions of Windows
#
# If you would like to submit a bug report, please visit:
#   http://bugreport.java.com/bugreport/crash.jsp
#

---------------  T H R E A D  ---------------

Current thread (0x000000001bd20800):  JavaThread "C2 CompilerThread1" daemon [_thread_in_native, id=24740, stack(0x000000001d470000,0x000000001d570000)]

siginfo: ExceptionCode=0xc0000005, reading address 0xffffffffffffffff

Registers:
RAX=0x0000000000000016, RBX=0x000000001d56df30, RCX=0x0000000059f20000, RDX=0x000000001d56df30
RSP=0x000000001d56ded0, RBP=0x0000000000000000, RSI=0x000000002075df70, RDI=0x0000000022bbb6c0
R8 =0x000000000004be6e, R9 =0x0000000059f20000, R10=0x000000001bd37410, R11=0x0000000002d8b160
R12=0x0000000022bb92e0, R13=0x0000000000000000, R14=0x0000000022bbb850, R15=0x0000000022bbb830
RIP=0x0000000059f6bd1c, EFLAGS=0x0000000000010287

Top of Stack: (sp=0x000000001d56ded0)
0x000000001d56ded0:   000000001d56df30 000000002075df70
0x000000001d56dee0:   0000000000000001 0000000022bb92e0
0x000000001d56def0:   0000000022bbb6c0 0000000059f6d69a
0x000000001d56df00:   000000002075df70 000000002075df70
0x000000001d56df10:   000000001d56df69 0000000000000000
0x000000001d56df20:   000000000000014a 0000000022bbb850
0x000000001d56df30:   0000000022bb82c0 0000000022bb8230
0x000000001d56df40:   0000000022bba077 0000000000000000
0x000000001d56df50:   0000000022bb9360 0000000022bb9f80
0x000000001d56df60:   0000000022bba0cb 0000000022bba078
0x000000001d56df70:   0000002e0000002e 000000001d56f978
0x000000001d56df80:   0000000022bba510 0000000000000001
0x000000001d56df90:   000000002075dfa0 0000000000000000
0x000000001d56dfa0:   0000000000000007 0000000000000000
0x000000001d56dfb0:   0000000022bb92e0 0000000022bbb6c0
0x000000001d56dfc0:   000000001d56e030 0000000059f6e59c 

Instructions: (pc=0x0000000059f6bd1c)
0x0000000059f6bcfc:   00 00 00 0f 87 4b 09 00 00 48 8d 0d f4 42 fb ff
0x0000000059f6bd0c:   0f b6 84 01 fc c7 04 00 44 8b 84 81 84 c6 04 00
0x0000000059f6bd1c:   4c 03 c1 41 ff e0 48 8b ce e8 d6 ec ff ff e9 37
0x0000000059f6bd2c:   09 00 00 83 46 08 fe 48 8b ce e8 85 df ff ff e9 


Register to memory mapping:

RAX=0x0000000000000016 is an unknown value
RBX=0x000000001d56df30 is pointing into the stack for thread: 0x000000001bd20800
RCX=0x0000000059f20000 is an unknown value
RDX=0x000000001d56df30 is pointing into the stack for thread: 0x000000001bd20800
RSP=0x000000001d56ded0 is pointing into the stack for thread: 0x000000001bd20800
RBP=0x0000000000000000 is an unknown value
RSI=0x000000002075df70 is an unknown value
RDI=0x0000000022bbb6c0 is an unknown value
R8 =0x000000000004be6e is an unknown value
R9 =0x0000000059f20000 is an unknown value
R10=0x000000001bd37410 is an unknown value
R11=0x0000000002d8b160 is an unknown value
R12=0x0000000022bb92e0 is an unknown value
R13=0x0000000000000000 is an unknown value
R14=0x0000000022bbb850 is an unknown value
R15=0x0000000022bbb830 is an unknown value


Stack: [0x000000001d470000,0x000000001d570000],  sp=0x000000001d56ded0,  free space=1015k
Native frames: (J=compiled Java code, j=interpreted, Vv=VM code, C=native code)


Current CompileTask:
C2:   3740 3246 %     4       sun.security.provider.SHA2::implCompress @ 12 (331 bytes)


---------------  P R O C E S S  ---------------

Java Threads: ( => current thread )
  0x0000000022fe2800 JavaThread "Build operations Thread 12" [_thread_blocked, id=18984, stack(0x0000000026620000,0x0000000026720000)]
  0x0000000022fe2000 JavaThread "Build operations Thread 11" [_thread_blocked, id=13076, stack(0x0000000026520000,0x0000000026620000)]
  0x0000000022fe0800 JavaThread "Build operations Thread 10" [_thread_blocked, id=3884, stack(0x0000000026420000,0x0000000026520000)]
  0x0000000022fdb000 JavaThread "Build operations Thread 9" [_thread_blocked, id=15228, stack(0x0000000026320000,0x0000000026420000)]
  0x0000000022fdd800 JavaThread "Build operations Thread 8" [_thread_blocked, id=12360, stack(0x0000000026220000,0x0000000026320000)]
  0x0000000022fdc800 JavaThread "Build operations Thread 7" [_thread_blocked, id=2952, stack(0x0000000026120000,0x0000000026220000)]
  0x0000000022fdf000 JavaThread "Build operations Thread 6" [_thread_blocked, id=23884, stack(0x0000000026020000,0x0000000026120000)]
  0x0000000022fe1000 JavaThread "Build operations Thread 5" [_thread_blocked, id=20828, stack(0x0000000025f20000,0x0000000026020000)]
  0x0000000022fde000 JavaThread "Build operations Thread 4" [_thread_blocked, id=24176, stack(0x0000000025e20000,0x0000000025f20000)]
  0x0000000022fdf800 JavaThread "Build operations Thread 3" [_thread_blocked, id=17868, stack(0x0000000025d20000,0x0000000025e20000)]
  0x000000001efff000 JavaThread "Build operations Thread 2" [_thread_blocked, id=2028, stack(0x00000000248c0000,0x00000000249c0000)]
  0x000000001f002800 JavaThread "Build operations" [_thread_blocked, id=25748, stack(0x00000000247c0000,0x00000000248c0000)]
  0x000000001effe000 JavaThread "Cache worker for Artifact transforms cache (C:\Users\titan\.gradle\caches\transforms-1)" [_thread_blocked, id=16636, stack(0x0000000024a50000,0x0000000024b50000)]
  0x000000001f001000 JavaThread "Cache worker for cache directory md-rule (C:\Users\titan\.gradle\caches\4.10.3\md-rule)" [_thread_blocked, id=21744, stack(0x00000000246c0000,0x00000000247c0000)]
  0x000000001effd800 JavaThread "Cache worker for cache directory md-supplier (C:\Users\titan\.gradle\caches\4.10.3\md-supplier)" [_thread_blocked, id=12424, stack(0x0000000023950000,0x0000000023a50000)]
  0x000000001f003800 JavaThread "Cache worker for journal cache (C:\Users\titan\.gradle\caches\journal-1)" [_thread_blocked, id=2620, stack(0x0000000022880000,0x0000000022980000)]
  0x000000001f000800 JavaThread "Cache worker for file hash cache (C:\Users\titan\Documents\GitHub\Ambience\.gradle\4.10.3\fileHashes)" [_thread_blocked, id=13124, stack(0x0000000022780000,0x0000000022880000)]
  0x000000001f002000 JavaThread "File lock request listener" [_thread_in_native, id=5604, stack(0x00000000216b0000,0x00000000217b0000)]
  0x000000001efff800 JavaThread "Cache worker for file hash cache (C:\Users\titan\.gradle\caches\4.10.3\fileHashes)" [_thread_blocked, id=2764, stack(0x00000000215b0000,0x00000000216b0000)]
  0x000000001ead9000 JavaThread "Stdin handler" [_thread_blocked, id=22664, stack(0x00000000200e0000,0x00000000201e0000)]
  0x000000001eac1000 JavaThread "Asynchronous log dispatcher for DefaultDaemonConnection: socket connection from /127.0.0.1:65031 to /127.0.0.1:65032" [_thread_blocked, id=23216, stack(0x000000001ffe0000,0x00000000200e0000)]
  0x000000001eabc000 JavaThread "Daemon worker" [_thread_in_vm, id=23684, stack(0x000000001fee0000,0x000000001ffe0000)]
  0x000000001eab7000 JavaThread "Cancel handler" [_thread_blocked, id=676, stack(0x000000001fce0000,0x000000001fde0000)]
  0x000000001eaab000 JavaThread "Handler for socket connection from /127.0.0.1:65031 to /127.0.0.1:65032" [_thread_in_native, id=13636, stack(0x000000001fbe0000,0x000000001fce0000)]
  0x000000001eaaa800 JavaThread "Daemon" [_thread_blocked, id=6456, stack(0x000000001fae0000,0x000000001fbe0000)]
  0x000000001ed7b000 JavaThread "Daemon periodic checks" [_thread_blocked, id=24048, stack(0x000000001f9e0000,0x000000001fae0000)]
  0x000000001ed14000 JavaThread "Incoming local TCP Connector on port 65031" [_thread_in_native, id=936, stack(0x000000001f780000,0x000000001f880000)]
  0x000000001eafd000 JavaThread "Daemon health stats" [_thread_blocked, id=21468, stack(0x000000001f140000,0x000000001f240000)]
  0x000000001bd41000 JavaThread "Service Thread" daemon [_thread_blocked, id=21928, stack(0x000000001d770000,0x000000001d870000)]
  0x000000001bd23800 JavaThread "C1 CompilerThread3" daemon [_thread_blocked, id=6820, stack(0x000000001d670000,0x000000001d770000)]
  0x000000001a64d000 JavaThread "C2 CompilerThread2" daemon [_thread_in_native, id=7384, stack(0x000000001d570000,0x000000001d670000)]
=>0x000000001bd20800 JavaThread "C2 CompilerThread1" daemon [_thread_in_native, id=24740, stack(0x000000001d470000,0x000000001d570000)]
  0x000000001bd1b800 JavaThread "C2 CompilerThread0" daemon [_thread_in_native, id=23732, stack(0x000000001d370000,0x000000001d470000)]
  0x000000001bd15800 JavaThread "Attach Listener" daemon [_thread_blocked, id=19220, stack(0x000000001d270000,0x000000001d370000)]
  0x000000001bd14800 JavaThread "Signal Dispatcher" daemon [_thread_blocked, id=20380, stack(0x000000001d170000,0x000000001d270000)]
  0x0000000002e7b800 JavaThread "Finalizer" daemon [_thread_blocked, id=21352, stack(0x000000001cf60000,0x000000001d060000)]
  0x000000001bd03000 JavaThread "Reference Handler" daemon [_thread_blocked, id=22488, stack(0x000000001ce60000,0x000000001cf60000)]
  0x0000000002d82800 JavaThread "main" [_thread_blocked, id=11440, stack(0x0000000002c80000,0x0000000002d80000)]

Other Threads:
  0x000000001a636800 VMThread [stack: 0x000000001cd60000,0x000000001ce60000] [id=21092]
  0x000000001bd42800 WatcherThread [stack: 0x000000001d870000,0x000000001d970000] [id=13724]

VM state:not at safepoint (normal execution)

VM Mutex/Monitor currently owned by a thread: None

heap address: 0x0000000700000000, size: 3072 MB, Compressed Oops mode: Zero based, Oop shift amount: 3
Narrow klass base: 0x0000000000000000, Narrow klass shift: 3
Compressed class space size: 1073741824 Address: 0x00000007c0000000

Heap:
 PSYoungGen      total 158720K, used 11731K [0x0000000780000000, 0x000000078d800000, 0x00000007c0000000)
  eden space 146944K, 7% used [0x0000000780000000,0x0000000780b74fd8,0x0000000788f80000)
  from space 11776K, 0% used [0x0000000789b00000,0x0000000789b00000,0x000000078a680000)
  to   space 11776K, 0% used [0x0000000788f80000,0x0000000788f80000,0x0000000789b00000)
 ParOldGen       total 168960K, used 13948K [0x0000000700000000, 0x000000070a500000, 0x0000000780000000)
  object space 168960K, 8% used [0x0000000700000000,0x0000000700d9f348,0x000000070a500000)
 Metaspace       used 35845K, capacity 36360K, committed 36784K, reserved 1081344K
  class space    used 4926K, capacity 5168K, committed 5296K, reserved 1048576K

Card table byte_map: [0x0000000012240000,0x0000000012850000] byte_map_base: 0x000000000ea40000

Marking Bits: (ParMarkBitMap*) 0x000000005a74af90
 Begin Bits: [0x0000000013650000, 0x0000000016650000)
 End Bits:   [0x0000000016650000, 0x0000000019650000)

Polling page: 0x00000000009d0000

CodeCache: size=245760Kb used=12274Kb max_used=12274Kb free=233485Kb
 bounds [0x0000000002e80000, 0x0000000003a90000, 0x0000000011e80000]
 total_blobs=3972 nmethods=3267 adapters=617
 compilation: enabled

Compilation events (10 events):
Event: 3.728 Thread 0x000000001bd23800 nmethod 3244 0x0000000003a6eed0 code [0x0000000003a6f020, 0x0000000003a6f1d0]
Event: 3.728 Thread 0x000000001bd23800 3243       3       sun.security.x509.X509CertImpl::getEncodedInternal (22 bytes)
Event: 3.728 Thread 0x000000001bd23800 nmethod 3243 0x0000000003a6ea50 code [0x0000000003a6ebc0, 0x0000000003a6ede8]
Event: 3.728 Thread 0x000000001bd23800 3245       3       java.lang.String::contains (20 bytes)
Event: 3.729 Thread 0x000000001bd23800 nmethod 3245 0x0000000003a701d0 code [0x0000000003a70360, 0x0000000003a707f8]
Event: 3.729 Thread 0x000000001bd20800 3246 %     4       sun.security.provider.SHA2::implCompress @ 12 (331 bytes)
Event: 3.729 Thread 0x000000001bd23800 3247       3       sun.security.jca.Providers::getProviderList (14 bytes)
Event: 3.729 Thread 0x000000001bd23800 nmethod 3247 0x0000000003a73110 code [0x0000000003a732a0, 0x0000000003a736c8]
Event: 3.729 Thread 0x000000001bd23800 3248       3       sun.security.jca.Providers::getThreadProviderList (18 bytes)
Event: 3.729 Thread 0x000000001bd23800 nmethod 3248 0x0000000003a72bd0 code [0x0000000003a72d40, 0x0000000003a73068]

GC Heap History (10 events):
Event: 2.077 GC heap before
{Heap before GC invocations=4 (full 1):
 PSYoungGen      total 76288K, used 9536K [0x0000000780000000, 0x0000000789500000, 0x00000007c0000000)
  eden space 65536K, 0% used [0x0000000780000000,0x0000000780000000,0x0000000784000000)
  from space 10752K, 88% used [0x0000000784000000,0x0000000784950178,0x0000000784a80000)
  to   space 10752K, 0% used [0x0000000788a80000,0x0000000788a80000,0x0000000789500000)
 ParOldGen       total 175104K, used 199K [0x0000000700000000, 0x000000070ab00000, 0x0000000780000000)
  object space 175104K, 0% used [0x0000000700000000,0x0000000700031d10,0x000000070ab00000)
 Metaspace       used 20834K, capacity 21178K, committed 21296K, reserved 1067008K
  class space    used 2984K, capacity 3103K, committed 3120K, reserved 1048576K
Event: 2.103 GC heap after
Heap after GC invocations=4 (full 1):
 PSYoungGen      total 76288K, used 0K [0x0000000780000000, 0x0000000789500000, 0x00000007c0000000)
  eden space 65536K, 0% used [0x0000000780000000,0x0000000780000000,0x0000000784000000)
  from space 10752K, 0% used [0x0000000784000000,0x0000000784000000,0x0000000784a80000)
  to   space 10752K, 0% used [0x0000000788a80000,0x0000000788a80000,0x0000000789500000)
 ParOldGen       total 108032K, used 9182K [0x0000000700000000, 0x0000000706980000, 0x0000000780000000)
  object space 108032K, 8% used [0x0000000700000000,0x00000007008f7958,0x0000000706980000)
 Metaspace       used 20834K, capacity 21178K, committed 21296K, reserved 1067008K
  class space    used 2984K, capacity 3103K, committed 3120K, reserved 1048576K
}
Event: 2.661 GC heap before
{Heap before GC invocations=5 (full 1):
 PSYoungGen      total 76288K, used 65536K [0x0000000780000000, 0x0000000789500000, 0x00000007c0000000)
  eden space 65536K, 100% used [0x0000000780000000,0x0000000784000000,0x0000000784000000)
  from space 10752K, 0% used [0x0000000784000000,0x0000000784000000,0x0000000784a80000)
  to   space 10752K, 0% used [0x0000000788a80000,0x0000000788a80000,0x0000000789500000)
 ParOldGen       total 108032K, used 9182K [0x0000000700000000, 0x0000000706980000, 0x0000000780000000)
  object space 108032K, 8% used [0x0000000700000000,0x00000007008f7958,0x0000000706980000)
 Metaspace       used 28117K, capacity 28470K, committed 28720K, reserved 1073152K
  class space    used 3900K, capacity 4078K, committed 4144K, reserved 1048576K
Event: 2.667 GC heap after
Heap after GC invocations=5 (full 1):
 PSYoungGen      total 107008K, used 8229K [0x0000000780000000, 0x0000000789300000, 0x00000007c0000000)
  eden space 98304K, 0% used [0x0000000780000000,0x0000000780000000,0x0000000786000000)
  from space 8704K, 94% used [0x0000000788a80000,0x0000000789289518,0x0000000789300000)
  to   space 10752K, 0% used [0x0000000787e00000,0x0000000787e00000,0x0000000788880000)
 ParOldGen       total 108032K, used 9190K [0x0000000700000000, 0x0000000706980000, 0x0000000780000000)
  object space 108032K, 8% used [0x0000000700000000,0x00000007008f9958,0x0000000706980000)
 Metaspace       used 28117K, capacity 28470K, committed 28720K, reserved 1073152K
  class space    used 3900K, capacity 4078K, committed 4144K, reserved 1048576K
}
Event: 3.251 GC heap before
{Heap before GC invocations=6 (full 1):
 PSYoungGen      total 107008K, used 106533K [0x0000000780000000, 0x0000000789300000, 0x00000007c0000000)
  eden space 98304K, 100% used [0x0000000780000000,0x0000000786000000,0x0000000786000000)
  from space 8704K, 94% used [0x0000000788a80000,0x0000000789289518,0x0000000789300000)
  to   space 10752K, 0% used [0x0000000787e00000,0x0000000787e00000,0x0000000788880000)
 ParOldGen       total 108032K, used 9190K [0x0000000700000000, 0x0000000706980000, 0x0000000780000000)
  object space 108032K, 8% used [0x0000000700000000,0x00000007008f9958,0x0000000706980000)
 Metaspace       used 32843K, capacity 33288K, committed 33584K, reserved 1077248K
  class space    used 4606K, capacity 4830K, committed 4912K, reserved 1048576K
Event: 3.258 GC heap after
Heap after GC invocations=6 (full 1):
 PSYoungGen      total 139776K, used 9879K [0x0000000780000000, 0x000000078a680000, 0x00000007c0000000)
  eden space 129024K, 0% used [0x0000000780000000,0x0000000780000000,0x0000000787e00000)
  from space 10752K, 91% used [0x0000000787e00000,0x00000007887a5ec8,0x0000000788880000)
  to   space 11776K, 0% used [0x0000000789b00000,0x0000000789b00000,0x000000078a680000)
 ParOldGen       total 108032K, used 9198K [0x0000000700000000, 0x0000000706980000, 0x0000000780000000)
  object space 108032K, 8% used [0x0000000700000000,0x00000007008fb958,0x0000000706980000)
 Metaspace       used 32843K, capacity 33288K, committed 33584K, reserved 1077248K
  class space    used 4606K, capacity 4830K, committed 4912K, reserved 1048576K
}
Event: 3.489 GC heap before
{Heap before GC invocations=7 (full 1):
 PSYoungGen      total 139776K, used 27053K [0x0000000780000000, 0x000000078a680000, 0x00000007c0000000)
  eden space 129024K, 13% used [0x0000000780000000,0x00000007810c5538,0x0000000787e00000)
  from space 10752K, 91% used [0x0000000787e00000,0x00000007887a5ec8,0x0000000788880000)
  to   space 11776K, 0% used [0x0000000789b00000,0x0000000789b00000,0x000000078a680000)
 ParOldGen       total 108032K, used 9198K [0x0000000700000000, 0x0000000706980000, 0x0000000780000000)
  object space 108032K, 8% used [0x0000000700000000,0x00000007008fb958,0x0000000706980000)
 Metaspace       used 34629K, capacity 35132K, committed 35496K, reserved 1079296K
  class space    used 4811K, capacity 5042K, committed 5168K, reserved 1048576K
Event: 3.494 GC heap after
Heap after GC invocations=7 (full 1):
 PSYoungGen      total 158720K, used 7416K [0x0000000780000000, 0x000000078d800000, 0x00000007c0000000)
  eden space 146944K, 0% used [0x0000000780000000,0x0000000780000000,0x0000000788f80000)
  from space 11776K, 62% used [0x0000000789b00000,0x000000078a23e3e8,0x000000078a680000)
  to   space 11776K, 0% used [0x0000000788f80000,0x0000000788f80000,0x0000000789b00000)
 ParOldGen       total 108032K, used 9206K [0x0000000700000000, 0x0000000706980000, 0x0000000780000000)
  object space 108032K, 8% used [0x0000000700000000,0x00000007008fd958,0x0000000706980000)
 Metaspace       used 34629K, capacity 35132K, committed 35496K, reserved 1079296K
  class space    used 4811K, capacity 5042K, committed 5168K, reserved 1048576K
}
Event: 3.494 GC heap before
{Heap before GC invocations=8 (full 2):
 PSYoungGen      total 158720K, used 7416K [0x0000000780000000, 0x000000078d800000, 0x00000007c0000000)
  eden space 146944K, 0% used [0x0000000780000000,0x0000000780000000,0x0000000788f80000)
  from space 11776K, 62% used [0x0000000789b00000,0x000000078a23e3e8,0x000000078a680000)
  to   space 11776K, 0% used [0x0000000788f80000,0x0000000788f80000,0x0000000789b00000)
 ParOldGen       total 108032K, used 9206K [0x0000000700000000, 0x0000000706980000, 0x0000000780000000)
  object space 108032K, 8% used [0x0000000700000000,0x00000007008fd958,0x0000000706980000)
 Metaspace       used 34629K, capacity 35132K, committed 35496K, reserved 1079296K
  class space    used 4811K, capacity 5042K, committed 5168K, reserved 1048576K
Event: 3.528 GC heap after
Heap after GC invocations=8 (full 2):
 PSYoungGen      total 158720K, used 0K [0x0000000780000000, 0x000000078d800000, 0x00000007c0000000)
  eden space 146944K, 0% used [0x0000000780000000,0x0000000780000000,0x0000000788f80000)
  from space 11776K, 0% used [0x0000000789b00000,0x0000000789b00000,0x000000078a680000)
  to   space 11776K, 0% used [0x0000000788f80000,0x0000000788f80000,0x0000000789b00000)
 ParOldGen       total 168960K, used 13948K [0x0000000700000000, 0x000000070a500000, 0x0000000780000000)
  object space 168960K, 8% used [0x0000000700000000,0x0000000700d9f348,0x000000070a500000)
 Metaspace       used 34525K, capacity 34956K, committed 35496K, reserved 1079296K
  class space    used 4777K, capacity 4962K, committed 5168K, reserved 1048576K
}

Deoptimization events (10 events):
Event: 3.669 Thread 0x000000001eabc000 Uncommon trap: reason=unstable_if action=reinterpret pc=0x00000000037a40f8 method=sun.net.util.IPAddressUtil.scan(Ljava/lang/String;JJ[C)I @ 14
Event: 3.675 Thread 0x000000001eabc000 Uncommon trap: reason=class_check action=maybe_recompile pc=0x00000000030f7268 method=java.util.jar.JarFile.getJarEntry(Ljava/lang/String;)Ljava/util/jar/JarEntry; @ 2
Event: 3.675 Thread 0x000000001eabc000 Uncommon trap: reason=class_check action=maybe_recompile pc=0x00000000030f7268 method=java.util.jar.JarFile.getJarEntry(Ljava/lang/String;)Ljava/util/jar/JarEntry; @ 2
Event: 3.675 Thread 0x000000001eabc000 Uncommon trap: reason=class_check action=maybe_recompile pc=0x00000000030f7268 method=java.util.jar.JarFile.getJarEntry(Ljava/lang/String;)Ljava/util/jar/JarEntry; @ 2
Event: 3.676 Thread 0x000000001eabc000 Uncommon trap: reason=class_check action=maybe_recompile pc=0x0000000003843f98 method=java.io.BufferedInputStream.read1([BII)I @ 39
Event: 3.676 Thread 0x000000001eabc000 Uncommon trap: reason=class_check action=maybe_recompile pc=0x0000000003843f98 method=java.io.BufferedInputStream.read1([BII)I @ 39
Event: 3.676 Thread 0x000000001eabc000 Uncommon trap: reason=class_check action=maybe_recompile pc=0x0000000003843f98 method=java.io.BufferedInputStream.read1([BII)I @ 39
Event: 3.676 Thread 0x000000001eabc000 Uncommon trap: reason=class_check action=maybe_recompile pc=0x0000000003843f98 method=java.io.BufferedInputStream.read1([BII)I @ 39
Event: 3.676 Thread 0x000000001eabc000 Uncommon trap: reason=class_check action=maybe_recompile pc=0x0000000003840e1c method=java.io.BufferedInputStream.read1([BII)I @ 39
Event: 3.685 Thread 0x000000001eabc000 Uncommon trap: reason=unstable_if action=reinterpret pc=0x0000000003a000d4 method=java.io.BufferedInputStream.read([BII)I @ 31

Classes redefined (0 events):
No events

Internal exceptions (10 events):
Event: 3.032 Thread 0x000000001eabc000 Exception <a 'java/lang/ClassNotFoundException': org/gradle/api/internal/artifacts/dependencies/AbstractDependencyBeanInfo> (0x00000007837db488) thrown at [C:\jenkins\workspace\8-2-build-windows-amd64-cygwin\jdk8u251\737\hotspot\src\share\vm\classfile\sys
Event: 3.032 Thread 0x000000001eabc000 Exception <a 'java/lang/ClassNotFoundException': org/gradle/api/internal/artifacts/dependencies/AbstractDependencyCustomizer> (0x0000000783811090) thrown at [C:\jenkins\workspace\8-2-build-windows-amd64-cygwin\jdk8u251\737\hotspot\src\share\vm\classfile\s
Event: 3.033 Thread 0x000000001eabc000 Exception <a 'java/lang/ClassNotFoundException': org/gradle/api/internal/artifacts/dependencies/AbstractModuleDependencyCustomizer> (0x000000078384cd68) thrown at [C:\jenkins\workspace\8-2-build-windows-amd64-cygwin\jdk8u251\737\hotspot\src\share\vm\class
Event: 3.034 Thread 0x000000001eabc000 Exception <a 'java/lang/ClassNotFoundException': org/gradle/api/internal/artifacts/dependencies/AbstractExternalModuleDependencyCustomizer> (0x00000007838c4228) thrown at [C:\jenkins\workspace\8-2-build-windows-amd64-cygwin\jdk8u251\737\hotspot\src\share\
Event: 3.035 Thread 0x000000001eabc000 Exception <a 'java/lang/ClassNotFoundException': org/gradle/api/internal/artifacts/dependencies/DefaultExternalModuleDependencyCustomizer> (0x000000078392ac38) thrown at [C:\jenkins\workspace\8-2-build-windows-amd64-cygwin\jdk8u251\737\hotspot\src\share\v
Event: 3.036 Thread 0x000000001eabc000 Exception <a 'java/lang/ClassNotFoundException': org/gradle/api/internal/artifacts/dependencies/DefaultExternalModuleDependency_DecoratedCustomizer> (0x0000000783994658) thrown at [C:\jenkins\workspace\8-2-build-windows-amd64-cygwin\jdk8u251\737\hotspot\s
Event: 3.417 Thread 0x000000001eabc000 Exception <a 'java/lang/ClassNotFoundException': build_6yikv4z5fqohyhl5ho6mx5ywjBeanInfo> (0x0000000780b1b1e8) thrown at [C:\jenkins\workspace\8-2-build-windows-amd64-cygwin\jdk8u251\737\hotspot\src\share\vm\classfile\systemDictionary.cpp, line 210]
Event: 3.417 Thread 0x000000001eabc000 Exception <a 'java/lang/ClassNotFoundException': build_6yikv4z5fqohyhl5ho6mx5ywjCustomizer> (0x0000000780b25eb8) thrown at [C:\jenkins\workspace\8-2-build-windows-amd64-cygwin\jdk8u251\737\hotspot\src\share\vm\classfile\systemDictionary.cpp, line 210]
Event: 3.421 Thread 0x000000001eabc000 Exception <a 'java/lang/ClassNotFoundException': org/gradle/api/internal/plugins/DefaultObjectConfigurationActionBeanInfo> (0x0000000780b8c918) thrown at [C:\jenkins\workspace\8-2-build-windows-amd64-cygwin\jdk8u251\737\hotspot\src\share\vm\classfile\syst
Event: 3.421 Thread 0x000000001eabc000 Exception <a 'java/lang/ClassNotFoundException': org/gradle/api/internal/plugins/DefaultObjectConfigurationActionCustomizer> (0x0000000780bc18c0) thrown at [C:\jenkins\workspace\8-2-build-windows-amd64-cygwin\jdk8u251\737\hotspot\src\share\vm\classfile\sy

Events (10 events):
Event: 3.719 Thread 0x000000001eabc000 DEOPT PACKING pc=0x0000000003a38da1 sp=0x000000001ffd7640
Event: 3.719 Thread 0x000000001eabc000 DEOPT UNPACKING pc=0x0000000002ec7490 sp=0x000000001ffd7358 mode 0
Event: 3.720 Thread 0x000000001eabc000 DEOPT PACKING pc=0x0000000003a38da1 sp=0x000000001ffd7660
Event: 3.720 Thread 0x000000001eabc000 DEOPT UNPACKING pc=0x0000000002ec7490 sp=0x000000001ffd7378 mode 0
Event: 3.720 loading class sun/security/x509/AuthorityInfoAccessExtension
Event: 3.720 loading class sun/security/x509/AuthorityInfoAccessExtension done
Event: 3.720 loading class sun/security/x509/AccessDescription
Event: 3.721 loading class sun/security/x509/AccessDescription done
Event: 3.723 loading class sun/security/x509/PrivateKeyUsageExtension
Event: 3.723 loading class sun/security/x509/PrivateKeyUsageExtension done


Dynamic libraries:
0x00007ff620930000 - 0x00007ff620967000 	C:\Program Files\Java\jdk1.8.0_251\bin\java.exe
0x00007ffb16960000 - 0x00007ffb16b50000 	C:\WINDOWS\SYSTEM32\ntdll.dll
0x00007ffb15040000 - 0x00007ffb150f2000 	C:\WINDOWS\System32\KERNEL32.DLL
0x00007ffb13a00000 - 0x00007ffb13ca5000 	C:\WINDOWS\System32\KERNELBASE.dll
0x00007ffb15100000 - 0x00007ffb151a3000 	C:\WINDOWS\System32\ADVAPI32.dll
0x00007ffb14a70000 - 0x00007ffb14b0e000 	C:\WINDOWS\System32\msvcrt.dll
0x00007ffb15de0000 - 0x00007ffb15e77000 	C:\WINDOWS\System32\sechost.dll
0x00007ffb151b0000 - 0x00007ffb152d0000 	C:\WINDOWS\System32\RPCRT4.dll
0x00007ffb14d40000 - 0x00007ffb14ed4000 	C:\WINDOWS\System32\USER32.dll
0x00007ffb149e0000 - 0x00007ffb14a01000 	C:\WINDOWS\System32\win32u.dll
0x00007ffb155a0000 - 0x00007ffb155c6000 	C:\WINDOWS\System32\GDI32.dll
0x00007ffb13f80000 - 0x00007ffb14116000 	C:\WINDOWS\System32\gdi32full.dll
0x00007ffb148b0000 - 0x00007ffb1494e000 	C:\WINDOWS\System32\msvcp_win.dll
0x00007ffb138d0000 - 0x00007ffb139ca000 	C:\WINDOWS\System32\ucrtbase.dll
0x00007ffb0b3e0000 - 0x00007ffb0b664000 	C:\WINDOWS\WinSxS\amd64_microsoft.windows.common-controls_6595b64144ccf1df_6.0.18362.1256_none_9e7e379be45e40e2\COMCTL32.dll
0x00007ffb155d0000 - 0x00007ffb15906000 	C:\WINDOWS\System32\combase.dll
0x00007ffb14950000 - 0x00007ffb149d1000 	C:\WINDOWS\System32\bcryptPrimitives.dll
0x00007ffb152d0000 - 0x00007ffb152fe000 	C:\WINDOWS\System32\IMM32.DLL
0x000000005af80000 - 0x000000005b052000 	C:\Program Files\Java\jdk1.8.0_251\jre\bin\msvcr100.dll
0x0000000059f20000 - 0x000000005a7cb000 	C:\Program Files\Java\jdk1.8.0_251\jre\bin\server\jvm.dll
0x00007ffb167d0000 - 0x00007ffb167d8000 	C:\WINDOWS\System32\PSAPI.DLL
0x00007ffb11940000 - 0x00007ffb11964000 	C:\WINDOWS\SYSTEM32\WINMM.dll
0x00007ffb11a50000 - 0x00007ffb11a59000 	C:\WINDOWS\SYSTEM32\WSOCK32.dll
0x00007ffb0cdc0000 - 0x00007ffb0cdca000 	C:\WINDOWS\SYSTEM32\VERSION.dll
0x00007ffb168b0000 - 0x00007ffb1691f000 	C:\WINDOWS\System32\WS2_32.dll
0x00007ffb11910000 - 0x00007ffb1193d000 	C:\WINDOWS\SYSTEM32\WINMMBASE.dll
0x00007ffb13e00000 - 0x00007ffb13e4a000 	C:\WINDOWS\System32\cfgmgr32.dll
0x00007ffb11a40000 - 0x00007ffb11a4f000 	C:\Program Files\Java\jdk1.8.0_251\jre\bin\verify.dll
0x00007ffb05930000 - 0x00007ffb05959000 	C:\Program Files\Java\jdk1.8.0_251\jre\bin\java.dll
0x00007ffb0bb70000 - 0x00007ffb0bb86000 	C:\Program Files\Java\jdk1.8.0_251\jre\bin\zip.dll
0x00007ffb15f50000 - 0x00007ffb16637000 	C:\WINDOWS\System32\SHELL32.dll
0x00007ffb14ee0000 - 0x00007ffb14f89000 	C:\WINDOWS\System32\shcore.dll
0x00007ffb14120000 - 0x00007ffb148a1000 	C:\WINDOWS\System32\windows.storage.dll
0x00007ffb13860000 - 0x00007ffb13883000 	C:\WINDOWS\System32\profapi.dll
0x00007ffb13810000 - 0x00007ffb1385a000 	C:\WINDOWS\System32\powrprof.dll
0x00007ffb13800000 - 0x00007ffb13810000 	C:\WINDOWS\System32\UMPDC.dll
0x00007ffb15d80000 - 0x00007ffb15dd2000 	C:\WINDOWS\System32\shlwapi.dll
0x00007ffb13890000 - 0x00007ffb138a1000 	C:\WINDOWS\System32\kernel.appcore.dll
0x00007ffb13f60000 - 0x00007ffb13f77000 	C:\WINDOWS\System32\cryptsp.dll
0x00007ffb09110000 - 0x00007ffb0912a000 	C:\Program Files\Java\jdk1.8.0_251\jre\bin\net.dll
0x00007ffb13050000 - 0x00007ffb130b7000 	C:\WINDOWS\system32\mswsock.dll
0x00007ffb05b30000 - 0x00007ffb05b42000 	C:\Program Files\Java\jdk1.8.0_251\jre\bin\nio.dll
0x00007ffb05490000 - 0x00007ffb054ae000 	C:\Users\titan\.gradle\native\25\windows-amd64\native-platform.dll
0x00007ffb100b0000 - 0x00007ffb100bd000 	C:\Program Files\Java\jdk1.8.0_251\jre\bin\management.dll
0x00007ffb12bc0000 - 0x00007ffb12bf3000 	C:\WINDOWS\system32\rsaenh.dll
0x00007ffb139d0000 - 0x00007ffb139f6000 	C:\WINDOWS\System32\bcrypt.dll
0x00007ffb13720000 - 0x00007ffb13745000 	C:\WINDOWS\SYSTEM32\USERENV.dll
0x00007ffb13220000 - 0x00007ffb1322c000 	C:\WINDOWS\SYSTEM32\CRYPTBASE.dll
0x00007ffb12d60000 - 0x00007ffb12d9a000 	C:\WINDOWS\SYSTEM32\IPHLPAPI.DLL
0x00007ffb167c0000 - 0x00007ffb167c8000 	C:\WINDOWS\System32\NSI.dll
0x00007ffb0dea0000 - 0x00007ffb0deb6000 	C:\WINDOWS\SYSTEM32\dhcpcsvc6.DLL
0x00007ffb0de80000 - 0x00007ffb0de9c000 	C:\WINDOWS\SYSTEM32\dhcpcsvc.DLL
0x00007ffb12da0000 - 0x00007ffb12e6b000 	C:\WINDOWS\SYSTEM32\DNSAPI.dll
0x00007ffb03670000 - 0x00007ffb03694000 	C:\Program Files\Java\jdk1.8.0_251\jre\bin\sunec.dll
0x00007ffb07be0000 - 0x00007ffb07dd4000 	C:\WINDOWS\SYSTEM32\dbghelp.dll

VM Arguments:
jvm_args: -Xmx3G -Dfile.encoding=windows-1252 -Duser.country=BR -Duser.language=pt -Duser.variant 
java_command: org.gradle.launcher.daemon.bootstrap.GradleDaemon 4.10.3
java_class_path (initial): C:\Users\titan\.gradle\wrapper\dists\gradle-4.10.3-bin\31t79e2qsceia4mkbojplrgx\gradle-4.10.3\lib\gradle-launcher-4.10.3.jar
Launcher Type: SUN_STANDARD

Environment Variables:
JAVA_HOME=C:\Program Files\Java\jdk1.8.0_251
CLASSPATH=C:\Users\titan\Documents\GitHub\Ambience\\gradle\wrapper\gradle-wrapper.jar
PATH=C:\Program Files\PlasticSCM5\server;C:\Program Files\PlasticSCM5\client;C:\Program Files (x86)\Common Files\Oracle\Java\javapath;C:\ProgramData\Oracle\Java\javapath;C:\Program Files (x86)\Common Files\Intel\Shared Libraries\redist\intel64_win\compiler;C:\Windows\system32;C:\Windows;C:\Windows\System32\Wbem;C:\Windows\System32\WindowsPowerShell\v1.0\;C:\Program Files (x86)\NVIDIA Corporation\PhysX\Common;C:\Program Files\NVIDIA Corporation\NVIDIA NvDLISR;C:\WINDOWS\system32;C:\WINDOWS;C:\WINDOWS\System32\Wbem;C:\WINDOWS\System32\WindowsPowerShell\v1.0\;C:\WINDOWS\System32\OpenSSH\;C:\Program Files\Common Files\Autodesk Shared\;C:\Program Files\Microsoft SQL Server\120\Tools\Binn\;C:\Program Files\Microsoft SQL Server\130\Tools\Binn\;C:\Program Files\Microsoft SQL Server\Client SDK\ODBC\170\Tools\Binn\;C:\Program Files\dotnet\;C:\gs;C:\Program Files\WorldPainter;C:\Program Files\Java\jdk1.8.0_251\bin;C:\Users\titan\AppData\Local\Microsoft\WindowsApps;C:\Users\titan\AppData\Local\GitHubDesktop\bin;C:\Users\titan\AppData\Local\Microsoft\WindowsApps;;C:\Program Files\JetBrains\IntelliJ IDEA Community Edition 2020.2.1\bin;
USERNAME=titan
OS=Windows_NT
PROCESSOR_IDENTIFIER=AMD64 Family 23 Model 1 Stepping 1, AuthenticAMD



---------------  S Y S T E M  ---------------

OS: Windows 10.0 , 64 bit Build 18362 (10.0.18362.1110)

CPU:total 12 (initial active 12) (12 cores per cpu, 1 threads per core) family 23 model 1 stepping 1, cmov, cx8, fxsr, mmx, sse, sse2, sse3, ssse3, sse4.1, sse4.2, popcnt, avx, avx2, aes, clmul, mmxext, 3dnowpref, lzcnt, sse4a, tsc, tscinvbit, tscinv, bmi1

Memory: 4k page, physical 16712548k(9918712k free), swap 40264548k(27539620k free)

vm_info: Java HotSpot(TM) 64-Bit Server VM (25.251-b08) for windows-amd64 JRE (1.8.0_251-b08), built on Mar 12 2020 06:31:49 by "" with MS VC++ 10.0 (VS2010)

time: Tue Jan 12 12:44:27 2021
timezone: Hora oficial do Brasil
elapsed time: 3 seconds (0d 0h 0m 3s)

