[18:34:35] [Server thread/INFO] [net.minecraft.server.dedicated.DedicatedServer]: Starting minecraft server version 1.12.2
[18:34:35] [Server thread/INFO] [FML]: MinecraftForge v14.23.5.2838 Initialized
[18:34:35] [Server thread/INFO] [FML]: Starts to replace vanilla recipe ingredients with ore ingredients.
[18:34:35] [Server thread/INFO] [FML]: Invalid recipe found with multiple oredict ingredients in the same ingredient...
[18:34:36] [Server thread/INFO] [FML]: Replaced 1227 ore ingredients
[18:34:36] [Server thread/ERROR] [net.minecraft.server.MinecraftServer]: Encountered an unexpected exception
java.lang.ExceptionInInitializerError: null
	at net.minecraftforge.fml.common.FMLCommonHandler.onServerStart(FMLCommonHandler.java:332) ~[forgeSrc-1.12.2-14.23.5.2838.jar:?]
	at net.minecraft.server.dedicated.DedicatedServer.init(DedicatedServer.java:128) ~[forgeSrc-1.12.2-14.23.5.2838.jar:?]
	at net.minecraft.server.MinecraftServer.run(MinecraftServer.java:552) [forgeSrc-1.12.2-14.23.5.2838.jar:?]
	at java.lang.Thread.run(Unknown Source) [?:1.8.0_221]
Caused by: net.minecraftforge.fml.relauncher.ReflectionHelper$UnableToAccessFieldException: net.minecraftforge.fml.relauncher.ReflectionHelper$UnableToFindFieldException: java.lang.NoSuchFieldException: field_150915_c
	at net.minecraftforge.fml.relauncher.ReflectionHelper.getPrivateValue(ReflectionHelper.java:210) ~[forgeSrc-1.12.2-14.23.5.2838.jar:?]
	at net.minecraftforge.fml.common.ObfuscationReflectionHelper.getPrivateValue(ObfuscationReflectionHelper.java:106) ~[forgeSrc-1.12.2-14.23.5.2838.jar:?]
	at net.minecraftforge.common.ForgeHooks.initTools(ForgeHooks.java:287) ~[forgeSrc-1.12.2-14.23.5.2838.jar:?]
	at net.minecraftforge.common.MinecraftForge.initialize(MinecraftForge.java:93) ~[forgeSrc-1.12.2-14.23.5.2838.jar:?]
	at net.minecraftforge.fml.common.FMLCommonHandler.beginLoading(FMLCommonHandler.java:160) ~[forgeSrc-1.12.2-14.23.5.2838.jar:?]
	at net.minecraftforge.fml.server.FMLServerHandler.<init>(FMLServerHandler.java:86) ~[forgeSrc-1.12.2-14.23.5.2838.jar:?]
	at net.minecraftforge.fml.server.FMLServerHandler.<clinit>(FMLServerHandler.java:77) ~[forgeSrc-1.12.2-14.23.5.2838.jar:?]
	... 4 more
Caused by: net.minecraftforge.fml.relauncher.ReflectionHelper$UnableToFindFieldException: java.lang.NoSuchFieldException: field_150915_c
	at net.minecraftforge.fml.relauncher.ReflectionHelper.findField(ReflectionHelper.java:166) ~[forgeSrc-1.12.2-14.23.5.2838.jar:?]
	at net.minecraftforge.fml.relauncher.ReflectionHelper.getPrivateValue(ReflectionHelper.java:206) ~[forgeSrc-1.12.2-14.23.5.2838.jar:?]
	at net.minecraftforge.fml.common.ObfuscationReflectionHelper.getPrivateValue(ObfuscationReflectionHelper.java:106) ~[forgeSrc-1.12.2-14.23.5.2838.jar:?]
	at net.minecraftforge.common.ForgeHooks.initTools(ForgeHooks.java:287) ~[forgeSrc-1.12.2-14.23.5.2838.jar:?]
	at net.minecraftforge.common.MinecraftForge.initialize(MinecraftForge.java:93) ~[forgeSrc-1.12.2-14.23.5.2838.jar:?]
	at net.minecraftforge.fml.common.FMLCommonHandler.beginLoading(FMLCommonHandler.java:160) ~[forgeSrc-1.12.2-14.23.5.2838.jar:?]
	at net.minecraftforge.fml.server.FMLServerHandler.<init>(FMLServerHandler.java:86) ~[forgeSrc-1.12.2-14.23.5.2838.jar:?]
	at net.minecraftforge.fml.server.FMLServerHandler.<clinit>(FMLServerHandler.java:77) ~[forgeSrc-1.12.2-14.23.5.2838.jar:?]
	... 4 more
Caused by: java.lang.NoSuchFieldException: field_150915_c
	at java.lang.Class.getDeclaredField(Unknown Source) ~[?:1.8.0_221]
	at net.minecraftforge.fml.relauncher.ReflectionHelper.findField(ReflectionHelper.java:160) ~[forgeSrc-1.12.2-14.23.5.2838.jar:?]
	at net.minecraftforge.fml.relauncher.ReflectionHelper.getPrivateValue(ReflectionHelper.java:206) ~[forgeSrc-1.12.2-14.23.5.2838.jar:?]
	at net.minecraftforge.fml.common.ObfuscationReflectionHelper.getPrivateValue(ObfuscationReflectionHelper.java:106) ~[forgeSrc-1.12.2-14.23.5.2838.jar:?]
	at net.minecraftforge.common.ForgeHooks.initTools(ForgeHooks.java:287) ~[forgeSrc-1.12.2-14.23.5.2838.jar:?]
	at net.minecraftforge.common.MinecraftForge.initialize(MinecraftForge.java:93) ~[forgeSrc-1.12.2-14.23.5.2838.jar:?]
	at net.minecraftforge.fml.common.FMLCommonHandler.beginLoading(FMLCommonHandler.java:160) ~[forgeSrc-1.12.2-14.23.5.2838.jar:?]
	at net.minecraftforge.fml.server.FMLServerHandler.<init>(FMLServerHandler.java:86) ~[forgeSrc-1.12.2-14.23.5.2838.jar:?]
	at net.minecraftforge.fml.server.FMLServerHandler.<clinit>(FMLServerHandler.java:77) ~[forgeSrc-1.12.2-14.23.5.2838.jar:?]
	... 4 more
[18:34:36] [Server thread/ERROR] [net.minecraft.server.MinecraftServer]: This crash report has been saved to: C:\Users\Vinicius\Desktop\Modding2\Ambience-master\.\crash-reports\crash-2019-09-04_18.34.36-server.txt
[18:34:36] [Server thread/INFO] [net.minecraft.server.MinecraftServer]: Stopping server
[18:34:36] [Server thread/INFO] [net.minecraft.server.MinecraftServer]: Saving worlds
